<?xml version="1.0" encoding="UTF-8"?>
<!-- Generated by org.testng.reporters.JUnitXMLReporter -->
<testsuite ignored="0" hostname="AnbuPC" failures="0" tests="26" name="SDET Warrior Test" time="23.695" errors="0" timestamp="2024-08-24T13:57:58 EDT">
  <testcase classname="factory.BaseClass" name="@BeforeMethod initializeBrowser" time="14.023">
    <failure type="org.openqa.selenium.remote.NoSuchDriverException" message="Unable to obtain: chromedriver, error Command failed with code: -1073741819, executed: [--browser, chrome, --language-binding, java, --output, json]

Build info: version: &amp;apos;4.23.0&amp;apos;, revision: &amp;apos;4df0a231af&amp;apos;
System info: os.name: &amp;apos;Windows 11&amp;apos;, os.arch: &amp;apos;amd64&amp;apos;, os.version: &amp;apos;10.0&amp;apos;, java.version: &amp;apos;17.0.10&amp;apos;
Driver info: driver.version: ChromeDriver">
      <![CDATA[org.openqa.selenium.remote.NoSuchDriverException: Unable to obtain: chromedriver, error Command failed with code: -1073741819, executed: [--browser, chrome, --language-binding, java, --output, json]

Build info: version: '4.23.0', revision: '4df0a231af'
System info: os.name: 'Windows 11', os.arch: 'amd64', os.version: '10.0', java.version: '17.0.10'
Driver info: driver.version: ChromeDriver
at org.openqa.selenium.remote.service.DriverFinder.getBinaryPaths(DriverFinder.java:121)
at org.openqa.selenium.remote.service.DriverFinder.getDriverPath(DriverFinder.java:55)
at org.openqa.selenium.chrome.ChromeDriver.generateExecutor(ChromeDriver.java:99)
at org.openqa.selenium.chrome.ChromeDriver.<init>(ChromeDriver.java:88)
at org.openqa.selenium.chrome.ChromeDriver.<init>(ChromeDriver.java:83)
at org.openqa.selenium.chrome.ChromeDriver.<init>(ChromeDriver.java:51)
at factory.BaseClass.initializeBrowser(BaseClass.java:82)
at java.base/java.util.ArrayList.forEach(ArrayList.java:1511)
Caused by: org.openqa.selenium.WebDriverException: Command failed with code: -1073741819, executed: [--browser, chrome, --language-binding, java, --output, json]

Build info: version: '4.23.0', revision: '4df0a231af'
System info: os.name: 'Windows 11', os.arch: 'amd64', os.version: '10.0', java.version: '17.0.10'
Driver info: driver.version: ChromeDriver
at org.openqa.selenium.manager.SeleniumManager.runCommand(SeleniumManager.java:170)
at org.openqa.selenium.manager.SeleniumManager.getBinaryPaths(SeleniumManager.java:247)
at org.openqa.selenium.remote.service.DriverFinder.getBinaryPaths(DriverFinder.java:102)
... 38 more
... Removed 31 stack frames]]>
    </failure>
  </testcase> <!-- @BeforeMethod initializeBrowser -->
  <testcase classname="factory.BaseClass" name="@AfterMethod tearDown" time="0.0">
    <skipped/>
  </testcase> <!-- @AfterMethod tearDown -->
  <testcase classname="factory.BaseClass" name="@BeforeMethod initializeBrowser" time="0.0">
    <skipped/>
  </testcase> <!-- @BeforeMethod initializeBrowser -->
  <testcase classname="factory.BaseClass" name="@AfterMethod tearDown" time="0.0">
    <skipped/>
  </testcase> <!-- @AfterMethod tearDown -->
  <testcase classname="factory.BaseClass" name="@BeforeMethod initializeBrowser" time="0.0">
    <skipped/>
  </testcase> <!-- @BeforeMethod initializeBrowser -->
  <testcase classname="factory.BaseClass" name="@AfterMethod tearDown" time="0.0">
    <skipped/>
  </testcase> <!-- @AfterMethod tearDown -->
  <testcase classname="factory.BaseClass" name="@BeforeMethod initializeBrowser" time="0.0">
    <skipped/>
  </testcase> <!-- @BeforeMethod initializeBrowser -->
  <testcase classname="factory.BaseClass" name="@AfterMethod tearDown" time="0.0">
    <skipped/>
  </testcase> <!-- @AfterMethod tearDown -->
  <testcase classname="factory.BaseClass" name="@BeforeMethod initializeBrowser" time="0.0">
    <skipped/>
  </testcase> <!-- @BeforeMethod initializeBrowser -->
  <testcase classname="factory.BaseClass" name="@AfterMethod tearDown" time="0.0">
    <skipped/>
  </testcase> <!-- @AfterMethod tearDown -->
  <testcase classname="factory.BaseClass" name="@BeforeMethod initializeBrowser" time="0.0">
    <skipped/>
  </testcase> <!-- @BeforeMethod initializeBrowser -->
  <testcase classname="factory.BaseClass" name="@AfterMethod tearDown" time="0.0">
    <skipped/>
  </testcase> <!-- @AfterMethod tearDown -->
  <testcase classname="factory.BaseClass" name="@BeforeMethod initializeBrowser" time="0.0">
    <skipped/>
  </testcase> <!-- @BeforeMethod initializeBrowser -->
  <testcase classname="factory.BaseClass" name="@AfterMethod tearDown" time="0.0">
    <skipped/>
  </testcase> <!-- @AfterMethod tearDown -->
  <testcase classname="factory.BaseClass" name="@BeforeMethod initializeBrowser" time="0.0">
    <skipped/>
  </testcase> <!-- @BeforeMethod initializeBrowser -->
  <testcase classname="factory.BaseClass" name="@AfterMethod tearDown" time="0.0">
    <skipped/>
  </testcase> <!-- @AfterMethod tearDown -->
  <testcase classname="factory.BaseClass" name="@BeforeMethod initializeBrowser" time="0.0">
    <skipped/>
  </testcase> <!-- @BeforeMethod initializeBrowser -->
  <testcase classname="factory.BaseClass" name="@AfterMethod tearDown" time="0.0">
    <skipped/>
  </testcase> <!-- @AfterMethod tearDown -->
  <testcase classname="factory.BaseClass" name="@BeforeMethod initializeBrowser" time="0.0">
    <skipped/>
  </testcase> <!-- @BeforeMethod initializeBrowser -->
  <testcase classname="factory.BaseClass" name="@AfterMethod tearDown" time="0.0">
    <skipped/>
  </testcase> <!-- @AfterMethod tearDown -->
  <testcase classname="factory.BaseClass" name="@BeforeMethod initializeBrowser" time="0.0">
    <skipped/>
  </testcase> <!-- @BeforeMethod initializeBrowser -->
  <testcase classname="factory.BaseClass" name="@AfterMethod tearDown" time="0.0">
    <skipped/>
  </testcase> <!-- @AfterMethod tearDown -->
  <testcase classname="factory.BaseClass" name="@BeforeMethod initializeBrowser" time="0.0">
    <skipped/>
  </testcase> <!-- @BeforeMethod initializeBrowser -->
  <testcase classname="factory.BaseClass" name="@AfterMethod tearDown" time="0.0">
    <skipped/>
  </testcase> <!-- @AfterMethod tearDown -->
  <testcase classname="factory.BaseClass" name="@BeforeMethod initializeBrowser" time="0.0">
    <skipped/>
  </testcase> <!-- @BeforeMethod initializeBrowser -->
  <testcase classname="factory.BaseClass" name="@AfterMethod tearDown" time="0.0">
    <skipped/>
  </testcase> <!-- @AfterMethod tearDown -->
  <testcase classname="factory.BaseClass" name="@BeforeMethod initializeBrowser" time="0.0">
    <skipped/>
  </testcase> <!-- @BeforeMethod initializeBrowser -->
  <testcase classname="factory.BaseClass" name="@AfterMethod tearDown" time="0.0">
    <skipped/>
  </testcase> <!-- @AfterMethod tearDown -->
  <testcase classname="factory.BaseClass" name="@BeforeMethod initializeBrowser" time="0.0">
    <skipped/>
  </testcase> <!-- @BeforeMethod initializeBrowser -->
  <testcase classname="factory.BaseClass" name="@AfterMethod tearDown" time="0.0">
    <skipped/>
  </testcase> <!-- @AfterMethod tearDown -->
  <testcase classname="factory.BaseClass" name="@BeforeMethod initializeBrowser" time="0.0">
    <skipped/>
  </testcase> <!-- @BeforeMethod initializeBrowser -->
  <testcase classname="factory.BaseClass" name="@AfterMethod tearDown" time="0.0">
    <skipped/>
  </testcase> <!-- @AfterMethod tearDown -->
  <testcase classname="factory.BaseClass" name="@BeforeMethod initializeBrowser" time="0.0">
    <skipped/>
  </testcase> <!-- @BeforeMethod initializeBrowser -->
  <testcase classname="factory.BaseClass" name="@AfterMethod tearDown" time="0.0">
    <skipped/>
  </testcase> <!-- @AfterMethod tearDown -->
  <testcase classname="factory.BaseClass" name="@BeforeMethod initializeBrowser" time="0.0">
    <skipped/>
  </testcase> <!-- @BeforeMethod initializeBrowser -->
  <testcase classname="factory.BaseClass" name="@AfterMethod tearDown" time="0.0">
    <skipped/>
  </testcase> <!-- @AfterMethod tearDown -->
  <testcase classname="factory.BaseClass" name="@BeforeMethod initializeBrowser" time="0.0">
    <skipped/>
  </testcase> <!-- @BeforeMethod initializeBrowser -->
  <testcase classname="factory.BaseClass" name="@AfterMethod tearDown" time="0.0">
    <skipped/>
  </testcase> <!-- @AfterMethod tearDown -->
  <testcase classname="factory.BaseClass" name="@BeforeMethod initializeBrowser" time="0.0">
    <skipped/>
  </testcase> <!-- @BeforeMethod initializeBrowser -->
  <testcase classname="factory.BaseClass" name="@AfterMethod tearDown" time="0.0">
    <skipped/>
  </testcase> <!-- @AfterMethod tearDown -->
  <testcase classname="factory.BaseClass" name="@BeforeMethod initializeBrowser" time="0.0">
    <skipped/>
  </testcase> <!-- @BeforeMethod initializeBrowser -->
  <testcase classname="factory.BaseClass" name="@AfterMethod tearDown" time="0.0">
    <skipped/>
  </testcase> <!-- @AfterMethod tearDown -->
  <testcase classname="factory.BaseClass" name="@BeforeMethod initializeBrowser" time="0.0">
    <skipped/>
  </testcase> <!-- @BeforeMethod initializeBrowser -->
  <testcase classname="factory.BaseClass" name="@AfterMethod tearDown" time="0.0">
    <skipped/>
  </testcase> <!-- @AfterMethod tearDown -->
  <testcase classname="factory.BaseClass" name="@BeforeMethod initializeBrowser" time="0.0">
    <skipped/>
  </testcase> <!-- @BeforeMethod initializeBrowser -->
  <testcase classname="factory.BaseClass" name="@AfterMethod tearDown" time="0.0">
    <skipped/>
  </testcase> <!-- @AfterMethod tearDown -->
  <testcase classname="factory.BaseClass" name="@BeforeMethod initializeBrowser" time="0.0">
    <skipped/>
  </testcase> <!-- @BeforeMethod initializeBrowser -->
  <testcase classname="factory.BaseClass" name="@AfterMethod tearDown" time="0.0">
    <skipped/>
  </testcase> <!-- @AfterMethod tearDown -->
  <testcase classname="testCases.QueuePageTests" name="Test_ImplementationOf_Queue_InPython" time="1.567"/>
  <testcase classname="testCases.QueuePageTests" name="Test_ImplementationUsing_Array" time="1.747"/>
  <testcase classname="testCases.QueuePageTests" name="Test_Implementation_UsingCollections_Queue" time="0.0">
    <skipped/>
  </testcase> <!-- Test_Implementation_UsingCollections_Queue -->
  <testcase classname="testCases.QueuePageTests" name="Test_LEFTPanel_ImplementaionUsing_Array" time="0.0">
    <skipped/>
  </testcase> <!-- Test_LEFTPanel_ImplementaionUsing_Array -->
  <testcase classname="testCases.QueuePageTests" name="Test_LEFTPanel_ImplementationOf_Queue_InPython" time="0.0">
    <skipped/>
  </testcase> <!-- Test_LEFTPanel_ImplementationOf_Queue_InPython -->
  <testcase classname="testCases.QueuePageTests" name="Test_LEFTPanel_Implementation_UsingCollections_Queue" time="0.0">
    <skipped/>
  </testcase> <!-- Test_LEFTPanel_Implementation_UsingCollections_Queue -->
  <testcase classname="testCases.QueuePageTests" name="Test_LEFTPanel_PracticeQuestions" time="0.0">
    <skipped/>
  </testcase> <!-- Test_LEFTPanel_PracticeQuestions -->
  <testcase classname="testCases.QueuePageTests" name="Test_LEFTPanel_QueueOperations" time="0.002">
    <skipped/>
  </testcase> <!-- Test_LEFTPanel_QueueOperations -->
  <testcase classname="testCases.QueuePageTests" name="Test_PythonEditor_ImplementationOf_Queue_InPython_InValidCodes" time="0.0">
    <skipped/>
  </testcase> <!-- Test_PythonEditor_ImplementationOf_Queue_InPython_InValidCodes -->
  <testcase classname="testCases.QueuePageTests" name="Test_PythonEditor_ImplementationOf_Queue_InPython_ValidCodes" time="0.0">
    <skipped/>
  </testcase> <!-- Test_PythonEditor_ImplementationOf_Queue_InPython_ValidCodes -->
  <testcase classname="testCases.QueuePageTests" name="Test_PythonEditor_ImplementationOf_Queue_InPython_withOutCodes" time="0.0">
    <skipped/>
  </testcase> <!-- Test_PythonEditor_ImplementationOf_Queue_InPython_withOutCodes -->
  <testcase classname="testCases.QueuePageTests" name="Test_PythonEditor_ImplementationUsing_Array_InValidCodes" time="0.0">
    <skipped/>
  </testcase> <!-- Test_PythonEditor_ImplementationUsing_Array_InValidCodes -->
  <testcase classname="testCases.QueuePageTests" name="Test_PythonEditor_ImplementationUsing_Array_ValidCodes" time="0.001">
    <skipped/>
  </testcase> <!-- Test_PythonEditor_ImplementationUsing_Array_ValidCodes -->
  <testcase classname="testCases.QueuePageTests" name="Test_PythonEditor_ImplementationUsing_Array_WithOutCodes" time="0.0">
    <skipped/>
  </testcase> <!-- Test_PythonEditor_ImplementationUsing_Array_WithOutCodes -->
  <testcase classname="testCases.QueuePageTests" name="Test_PythonEditor_Implementation_UsingCollections_Queue_InValidCodes" time="0.0">
    <skipped/>
  </testcase> <!-- Test_PythonEditor_Implementation_UsingCollections_Queue_InValidCodes -->
  <testcase classname="testCases.QueuePageTests" name="Test_PythonEditor_Implementation_UsingCollections_Queue_ValidCodes" time="0.0">
    <skipped/>
  </testcase> <!-- Test_PythonEditor_Implementation_UsingCollections_Queue_ValidCodes -->
  <testcase classname="testCases.QueuePageTests" name="Test_PythonEditor_Implementation_UsingCollections_Queue_WithOutCodes" time="0.0">
    <skipped/>
  </testcase> <!-- Test_PythonEditor_Implementation_UsingCollections_Queue_WithOutCodes -->
  <testcase classname="testCases.QueuePageTests" name="Test_PythonEditor_QueueOperations_InValidCodes" time="0.0">
    <skipped/>
  </testcase> <!-- Test_PythonEditor_QueueOperations_InValidCodes -->
  <testcase classname="testCases.QueuePageTests" name="Test_PythonEditor_QueueOperations_ValidCodes" time="0.0">
    <skipped/>
  </testcase> <!-- Test_PythonEditor_QueueOperations_ValidCodes -->
  <testcase classname="testCases.QueuePageTests" name="Test_PythonEditor_QueueOperations_WithOutCodes" time="0.0">
    <skipped/>
  </testcase> <!-- Test_PythonEditor_QueueOperations_WithOutCodes -->
  <testcase classname="testCases.QueuePageTests" name="Test_QueueOperations" time="0.0">
    <skipped/>
  </testcase> <!-- Test_QueueOperations -->
  <testcase classname="testCases.QueuePageTests" name="Test_Queue_GetStarted" time="0.0">
    <skipped/>
  </testcase> <!-- Test_Queue_GetStarted -->
  <testcase classname="testCases.QueuePageTests" name="Test_TryHere_ImplementationOf_Queue_InPython" time="0.0">
    <skipped/>
  </testcase> <!-- Test_TryHere_ImplementationOf_Queue_InPython -->
  <testcase classname="testCases.QueuePageTests" name="Test_TryHere_Implementation_UsingCollections_Queue" time="0.0">
    <skipped/>
  </testcase> <!-- Test_TryHere_Implementation_UsingCollections_Queue -->
  <testcase classname="testCases.QueuePageTests" name="Test_TryHere_QueueOperations" time="0.0">
    <skipped/>
  </testcase> <!-- Test_TryHere_QueueOperations -->
  <testcase classname="testCases.QueuePageTests" name="Test_TryHere_Test_ImplementationUsing_Array" time="0.0">
    <skipped/>
  </testcase> <!-- Test_TryHere_Test_ImplementationUsing_Array -->
</testsuite> <!-- SDET Warrior Test -->
